<?xml version="1.0" encoding="UTF-8"?>
<testng-results skipped="0" failed="0" total="1" passed="1">
  <reporter-output>
  </reporter-output>
  <suite name="Default suite" duration-ms="25" started-at="2017-03-21T07:36:34Z" finished-at="2017-03-21T07:36:34Z">
    <groups>
    </groups>
    <test name="Default test" duration-ms="25" started-at="2017-03-21T07:36:34Z" finished-at="2017-03-21T07:36:34Z">
      <class name="unit.w">
        <test-method status="PASS" signature="testcal1()[pri:0, instance:unit.w@4de8b406]" name="testcal1" duration-ms="11" started-at="2017-03-21T15:36:34Z" finished-at="2017-03-21T15:36:34Z">
          <reporter-output>
          </reporter-output>
        </test-method> <!-- testcal1 -->
      </class> <!-- unit.w -->
    </test> <!-- Default test -->
  </suite> <!-- Default suite -->
</testng-results>
